<?xml version="1.0" encoding="UTF-8"?>
<testsuite xmlns:xsi="http://www.w3.org/2001/XMLSchema-instance" xsi:noNamespaceSchemaLocation="https://maven.apache.org/surefire/maven-surefire-plugin/xsd/surefire-test-report.xsd" version="3.0.2" name="com.senac.FixIt.FixItApplicationTests" time="7.993" tests="1" errors="0" skipped="0" failures="0">
  <properties>
[...]
</properties>
  <testcase name="contextLoads" classname="com.senac.FixIt.FixItApplicationTests" time="0.306">
    <system-out><![CDATA[17:10:42.936 [main] INFO org.springframework.test.context.support.AnnotationConfigContextLoaderUtils -- Could not detect default configuration classes for test class [com.senac.FixIt.FixItApplicationTests]: FixItApplicationTests does not declare any static, non-private, non-final, nested classes annotated with @Configuration.
17:10:43.053 [main] INFO org.springframework.boot.test.context.SpringBootTestContextBootstrapper -- Found @SpringBootConfiguration com.senac.FixIt.FixItApplication for test class com.senac.FixIt.FixItApplicationTests
17:10:43.219 [main] INFO org.springframework.boot.devtools.restart.RestartApplicationListener -- Restart disabled due to context in which it is running

  .   ____          _            __ _ _
 /\\ / ___'_ __ _ _(_)_ __  __ _ \ \ \ \
( ( )\___ | '_ | '_| | '_ \/ _` | \ \ \ \
 \\/  ___)| |_)| | | | | || (_| |  ) ) ) )
  '  |____| .__|_| |_|_| |_\__, | / / / /
 =========|_|==============|___/=/_/_/_/

 :: Spring Boot ::                (v3.4.4)

2025-04-21T17:10:43.452-03:00  INFO 18500 --- [           main] com.senac.FixIt.FixItApplicationTests    : Starting FixItApplicationTests using Java 21.0.5 with PID 18500 (started by GuilhermeHVS in C:\Users\GuilhermeHVS\Downloads\Backend_Fixit-main)
2025-04-21T17:10:43.453-03:00  INFO 18500 --- [           main] com.senac.FixIt.FixItApplicationTests    : No active profile set, falling back to 1 default profile: "default"
2025-04-21T17:10:44.283-03:00  INFO 18500 --- [           main] .s.d.r.c.RepositoryConfigurationDelegate : Bootstrapping Spring Data JPA repositories in DEFAULT mode.
2025-04-21T17:10:44.348-03:00  INFO 18500 --- [           main] .s.d.r.c.RepositoryConfigurationDelegate : Finished Spring Data repository scanning in 51 ms. Found 4 JPA repository interfaces.
2025-04-21T17:10:44.980-03:00  INFO 18500 --- [           main] o.hibernate.jpa.internal.util.LogHelper  : HHH000204: Processing PersistenceUnitInfo [name: default]
2025-04-21T17:10:45.078-03:00  INFO 18500 --- [           main] org.hibernate.Version                    : HHH000412: Hibernate ORM core version 6.6.11.Final
2025-04-21T17:10:45.120-03:00  INFO 18500 --- [           main] o.h.c.internal.RegionFactoryInitiator    : HHH000026: Second-level cache disabled
2025-04-21T17:10:45.620-03:00  INFO 18500 --- [           main] o.s.o.j.p.SpringPersistenceUnitInfo      : No LoadTimeWeaver setup: ignoring JPA class transformer
2025-04-21T17:10:45.659-03:00  INFO 18500 --- [           main] com.zaxxer.hikari.HikariDataSource       : HikariPool-1 - Starting...
2025-04-21T17:10:46.262-03:00  INFO 18500 --- [           main] com.zaxxer.hikari.pool.HikariPool        : HikariPool-1 - Added connection conn0: url=jdbc:h2:mem:testdb user=SA
2025-04-21T17:10:46.264-03:00  INFO 18500 --- [           main] com.zaxxer.hikari.HikariDataSource       : HikariPool-1 - Start completed.
2025-04-21T17:10:46.355-03:00  WARN 18500 --- [           main] org.hibernate.orm.deprecation            : HHH90000025: H2Dialect does not need to be specified explicitly using 'hibernate.dialect' (remove the property setting and it will be selected by default)
2025-04-21T17:10:46.384-03:00  INFO 18500 --- [           main] org.hibernate.orm.connections.pooling    : HHH10001005: Database info:
	Database JDBC URL [Connecting through datasource 'HikariDataSource (HikariPool-1)']
	Database driver: undefined/unknown
	Database version: 2.3.232
	Autocommit mode: undefined/unknown
	Isolation level: undefined/unknown
	Minimum pool size: undefined/unknown
	Maximum pool size: undefined/unknown
2025-04-21T17:10:47.565-03:00  INFO 18500 --- [           main] o.h.e.t.j.p.i.JtaPlatformInitiator       : HHH000489: No JTA platform available (set 'hibernate.transaction.jta.platform' to enable JTA platform integration)
Hibernate: create table chamado (id bigint generated by default as identity, codigo varchar(255), data_atualizacao timestamp(6), data_criacao timestamp(6) not null, data_fechamento timestamp(6), descricao varchar(1000) not null, prioridade enum ('ALTA','BAIXA','CRITICA','MEDIA') not null, status enum ('ABERTO','EM_ANDAMENTO','SOLUCIONADO') not null, titulo varchar(100) not null, tecnico_id integer, usuario_id integer not null, primary key (id))
Hibernate: create table comentario (id bigint generated by default as identity, data_comentario timestamp(6) not null, mensagem varchar(2000) not null, autor_id integer not null, chamado_id bigint not null, primary key (id))
Hibernate: create table contato (id integer generated by default as identity, email varchar(100) not null, mensagem TEXT not null, nome varchar(75) not null, primary key (id))
Hibernate: create table usuario (id integer generated by default as identity, department varchar(255) not null, email varchar(50) not null, name varchar(75) not null, password varchar(100) not null, role VARCHAR(20) DEFAULT 'user' not null, telephone varchar(15), primary key (id))
Hibernate: alter table if exists chamado drop constraint if exists UKhpv4s612es4a1q6negkr5vmov
Hibernate: alter table if exists chamado add constraint UKhpv4s612es4a1q6negkr5vmov unique (codigo)
Hibernate: alter table if exists usuario drop constraint if exists UK5171l57faosmj8myawaucatdw
Hibernate: alter table if exists usuario add constraint UK5171l57faosmj8myawaucatdw unique (email)
Hibernate: alter table if exists usuario drop constraint if exists UKns1uk8exudpgnpjig9rmh4xc6
Hibernate: alter table if exists usuario add constraint UKns1uk8exudpgnpjig9rmh4xc6 unique (telephone)
Hibernate: alter table if exists chamado add constraint FKjiq335b82j7r725un4yk0vy6j foreign key (tecnico_id) references usuario
Hibernate: alter table if exists chamado add constraint FK8bc0ospjmkj8qk0lve9pppwyu foreign key (usuario_id) references usuario
Hibernate: alter table if exists comentario add constraint FK1gcyoyuhavbjdhqr9hbulwa69 foreign key (autor_id) references usuario
Hibernate: alter table if exists comentario add constraint FKbh4e75knxqksha11em881fo9h foreign key (chamado_id) references chamado
2025-04-21T17:10:47.619-03:00  INFO 18500 --- [           main] j.LocalContainerEntityManagerFactoryBean : Initialized JPA EntityManagerFactory for persistence unit 'default'
2025-04-21T17:10:48.365-03:00  INFO 18500 --- [           main] o.s.d.j.r.query.QueryEnhancerFactory     : Hibernate is in classpath; If applicable, HQL parser will be used.
2025-04-21T17:10:49.397-03:00  WARN 18500 --- [           main] JpaBaseConfiguration$JpaWebConfiguration : spring.jpa.open-in-view is enabled by default. Therefore, database queries may be performed during view rendering. Explicitly configure spring.jpa.open-in-view to disable this warning
2025-04-21T17:10:49.956-03:00  INFO 18500 --- [           main] o.s.b.a.h2.H2ConsoleAutoConfiguration    : H2 console available at '/h2-console'. Database available at 'jdbc:h2:mem:testdb'
2025-04-21T17:10:50.011-03:00  INFO 18500 --- [           main] com.senac.FixIt.FixItApplicationTests    : Started FixItApplicationTests in 6.806 seconds (process running for 7.821)
Hibernate: select count(*) from usuario u1_0
Hibernate: insert into usuario (department,email,name,password,role,telephone,id) values (?,?,?,?,?,?,default)
Hibernate: insert into usuario (department,email,name,password,role,telephone,id) values (?,?,?,?,?,?,default)
Hibernate: insert into usuario (department,email,name,password,role,telephone,id) values (?,?,?,?,?,?,default)
Hibernate: insert into usuario (department,email,name,password,role,telephone,id) values (?,?,?,?,?,?,default)
Hibernate: insert into usuario (department,email,name,password,role,telephone,id) values (?,?,?,?,?,?,default)
✅ Admin e técnicos cadastrados com sucesso.
]]></system-out>
    <system-err><![CDATA[Mockito is currently self-attaching to enable the inline-mock-maker. This will no longer work in future releases of the JDK. Please add Mockito as an agent to your build what is described in Mockito's documentation: https://javadoc.io/doc/org.mockito/mockito-core/latest/org/mockito/Mockito.html#0.3
WARNING: A Java agent has been loaded dynamically (C:\Users\GuilhermeHVS\.m2\repository\net\bytebuddy\byte-buddy-agent\1.15.11\byte-buddy-agent-1.15.11.jar)
WARNING: If a serviceability tool is in use, please run with -XX:+EnableDynamicAgentLoading to hide this warning
WARNING: If a serviceability tool is not in use, please run with -Djdk.instrument.traceUsage for more information
WARNING: Dynamic loading of agents will be disallowed by default in a future release
]]></system-err>
  </testcase>
</testsuite>